WARNING: C:\Users\s194420\OneDrive - Danmarks Tekniske Universitet\Poul Løgstrup Bjergs filer - Work_Projects_Oliver Lund\Beslutningstræ - Grundvands projekt\Kode\SETTINGS.yaml not found. Using default settings.
WARNING: C:\Users\s194420\OneDrive - Danmarks Tekniske Universitet\Poul Løgstrup Bjergs filer - Work_Projects_Oliver Lund\Beslutningstræ - Grundvands projekt\Kode\SETTINGS.yaml not found. Using default settings.

============================================================
STEP 6: TILSTANDSVURDERING
============================================================

[1/6] Loading data...
[2/6] Preparing flux inputs (filtering + infiltration)...

================================================================================
FILTERING CASCADE – Step 6 Data Preparation
================================================================================
INPUT from Step 5: 4513 rows, 1743 sites, 240 GVFK
================================================================================

FILTER 1: Missing modellag mapping
   GVFKs affected: 1 (dkmj_983_ks)
   Rows removed: 79 (1.8%)
   Sites removed: 37
   Example sites: 801-00550, 801-00563, 815-00113, 815-00540, 815-00566 ...
   -> TODO: Add these GVFKs to 'vp3_h1_grundvandsforekomster_VP3Genbesøg.csv' for complete analysis.

   AFTER FILTER 1: 4434 rows, 1713 sites, 239 GVFK

FILTER 2: Negative infiltration (opstroemningszoner)
   Rows removed: 1919 (43.3%)
   Sites with removed rows: 672
   Sites completely removed: 618 (all rows had negative infiltration)
   Sites partially affected: 54 (some rows retained in other locations)
   GVFK completely removed: 32
   GVFK partially affected: 108
   Example sites: 151-00001, 151-00033, 151-00070, 151-05048, 151-05049 ...

   AFTER FILTER 2: 2515 rows, 1095 sites, 207 GVFK

FILTER 3: Missing infiltration data (outside raster coverage)
   Rows removed: 459 (18.3%)
   Sites removed: 203
   Example sites: 187-00002, 187-00003, 187-00004, 187-00107, 187-00121, 187-00123, 187-05008, 217-00479, 259-00012, 259-00115 ...
   Reason: Site polygon/centroid fall outside infiltration raster coverage.

   AFTER FILTER 3: 2056 rows, 904 sites, 177 GVFK

================================================================================
FILTERING CASCADE SUMMARY
================================================================================
INPUT:  4513 rows, 1743 sites, 240 GVFK
OUTPUT: 2056 rows, 904 sites, 177 GVFK
TOTAL REMOVED: 2457 rows (54.4%), 839 sites (48.1%)
================================================================================

[3/6] Calculating flux (scenario-based approach)...
  Input rows (substances): 2056
  Output rows (scenarios): 1878
  Filtered out 440 rows with invalid concentration (-1)
    - ANDRE: 234 rows
    - LOSSEPLADS: 158 rows
    - PFAS: 48 rows
  Concentration range: 9.0 - 50000.0 µg/L
[4/6] Aggregating flux by segment...
[5/6] Computing Cmix (Q95 scenario)...
[6/6] Building summaries & exporting...

Exported 1878 site-level flux records
Exported 1228 Cmix scenarios
Exported 333 segment summaries
Exported 394 site exceedance records

============================================================
Filtering audit exported: step6_filtering_audit_detailed.csv
Total filtered entries: 2457
  Filter 1 (Missing modellag): 79
  Filter 2 (Negative infiltration): 1919
  Filter 3 (Missing infiltration): 459
============================================================


STEP 6: TILSTANDSVURDERING – SUMMARY
============================================================

1. Site-level flux calculations
------------------------------------------------------------
Rows processed: 1,878
Unique sites: 557
Unique river segments (nearest): 324
Contamination categories: 9
Flux (kg/year) – min/median/mean/max: 1.01e-05 / 9.16e-02 / 2.00e+01 / 2.30e+03

2. Segment-level aggregation
------------------------------------------------------------
Segment-substance combinations: 1,228
Segments represented: 324 (categories: 9)

Top 5 segment/substance fluxes (kg/year):
  DKRIVER7790 (Kvistrup Møllebæk/Vejrum Bæ), KLOREREDE_OPLØSNINGSMIDLER__via_Trichlorethylen: 2.30e+03 kg/yr (sites: 1)
  DKRIVER7413 (Mølholm Å), KLOREREDE_OPLØSNINGSMIDLER__via_Trichlorethylen: 2.11e+03 kg/yr (sites: 1)
  DKRIVER7798 (Harrestrup Å, C), KLOREREDE_OPLØSNINGSMIDLER__via_Trichlorethylen: 1.98e+03 kg/yr (sites: 7)
  DKRIVER208 (Rødå), KLOREREDE_OPLØSNINGSMIDLER__via_Trichlorethylen: 1.81e+03 kg/yr (sites: 1)
  DKRIVER2054 (Vejle Å), KLOREREDE_OPLØSNINGSMIDLER__via_Trichlorethylen: 1.74e+03 kg/yr (sites: 4)

3. Cmix scenarios
------------------------------------------------------------
Scenario rows: 1,228 (with discharge data: 1,214)
Scenarios considered: Q95

Top 5 Cmix values (µg/L):
  DKRIVER2955 (Søruprenden), KLOREDE_KULBRINTER__via_Trichlorethylen @ Q95: 19407.05 µg/L
  DKRIVER2955 (Søruprenden), KLOREREDE_OPLØSNINGSMIDLER__via_Trichlorethylen @ Q95: 19407.05 µg/L
  DKRIVER4196 (KNUDEMOSELØBET), KLOREREDE_OPLØSNINGSMIDLER__via_Trichlorethylen @ Q95: 8023.53 µg/L
  DKRIVER7790 (Kvistrup Møllebæk/Vejrum Bæ), KLOREREDE_OPLØSNINGSMIDLER__via_Trichlorethylen @ Q95: 6449.91 µg/L
  DKRIVER7446 (Ore Bæk), KLOREREDE_OPLØSNINGSMIDLER__via_Trichlorethylen @ Q95: 5425.90 µg/L

Exceedances flagged (where MKK data available): 269
  DKRIVER2955 - KLOREDE_KULBRINTER__via_Trichlorethylen (Q95): 7762.82x MKK
  DKRIVER2955 - KLOREREDE_OPLØSNINGSMIDLER__via_Trichlorethylen (Q95): 7762.82x MKK
  DKRIVER4196 - KLOREREDE_OPLØSNINGSMIDLER__via_Trichlorethylen (Q95): 3209.41x MKK
  DKRIVER7790 - KLOREREDE_OPLØSNINGSMIDLER__via_Trichlorethylen (Q95): 2579.96x MKK
  DKRIVER7446 - KLOREREDE_OPLØSNINGSMIDLER__via_Trichlorethylen (Q95): 2170.36x MKK

4. Segment summary overview
------------------------------------------------------------
Segments in summary: 333
Segments exceeding MKK in any scenario: 161
  DKRIVER2955 (Søruprenden): 7762.82x MKK (scenarios: Q95)
  DKRIVER4196 (KNUDEMOSELØBET): 3209.41x MKK (scenarios: Q95)
  DKRIVER7790 (Kvistrup Møllebæk/Vejrum Bæ): 2579.96x MKK (scenarios: Q95)
  DKRIVER7446 (Ore Bæk): 2170.36x MKK (scenarios: Q95)
  DKRIVER6977 (Værebro Å): 2044.28x MKK (scenarios: Q95)

5. Confirmed MKK exceedances (filtered views)
------------------------------------------------------------
Rows in site-level exceedance view: 394
  -> 277 unique sites across 158 river segments
  -> Flow scenarios represented: 1
GVFK with >=1 exceedance: 97
  dkms_3108_ks -> Søruprenden (DKRIVER2955): 7762.82x MKK (sites: 151-00002)
  dkms_3049_ks -> KNUDEMOSELØBET (DKRIVER4196): 3209.41x MKK (sites: 217-00479)
  dkmj_999_ks -> Kvistrup Møllebæk/Vejrum Bæ (DKRIVER7790): 2579.96x MKK (sites: 671-30029)
  dkmf_1161_ks -> Ore Bæk (DKRIVER7446): 2170.36x MKK (sites: 497-00035)
  dkms_3646_ks -> Værebro Å (DKRIVER6977): 2044.28x MKK (sites: 151-00002)
============================================================
End of Step 6 summary
============================================================

Preparing negative infiltration validation map...
  Found 10 unique modellags: kalk, ks1, ks2, ks3, ks4, ks5, ps1, ps3, ps4, ps6
  Creating layer group for kalk: 62 sites
      Raster CRS: EPSG:25832
      Raster bounds (native): BoundingBox(left=435000.0, bottom=6035000.0, right=750000.0, top=6410000.0)
    Raster kalk full stats:
      All values: min=-101732.9, max=11418.5, mean=7.7 mm/år
      Negative pixels: 520,465 (42.7%)
      Positive pixels: 699,060 (57.3%)
      Negative range: -101732.9 to -0.0 mm/år
      Positive range: 0.0 to 11418.5 mm/år
      Percentile range (1-99%): -269.0 to 446.0 mm/år
      Using this range for colormap to avoid extreme outlier washing
      Bounds box before transformation: (435000.0, 6035000.0, 750000.0, 6410000.0)
      Bounds in WGS84: [ 7.90557816 54.40121481 13.20326932 57.82722197]
    [OK] Added raster overlay for kalk
  Creating layer group for ks1: 385 sites
      Raster CRS: EPSG:25832
      Raster bounds (native): BoundingBox(left=435000.0, bottom=6035000.0, right=750000.0, top=6410000.0)
    Raster ks1 full stats:
      All values: min=-93628.1, max=18813.2, mean=49.2 mm/år
      Negative pixels: 293,484 (24.1%)
      Positive pixels: 926,041 (75.9%)
      Negative range: -93628.1 to -0.0 mm/år
      Positive range: 0.0 to 18813.2 mm/år
      Percentile range (1-99%): -2381.1 to 587.8 mm/år
      Using this range for colormap to avoid extreme outlier washing
      Bounds box before transformation: (435000.0, 6035000.0, 750000.0, 6410000.0)
      Bounds in WGS84: [ 7.90557816 54.40121481 13.20326932 57.82722197]
    [OK] Added raster overlay for ks1
  Creating layer group for ks2: 576 sites
      Raster CRS: EPSG:25832
      Raster bounds (native): BoundingBox(left=435000.0, bottom=6035000.0, right=750000.0, top=6410000.0)
    Raster ks2 full stats:
      All values: min=-93628.1, max=18813.2, mean=48.6 mm/år
      Negative pixels: 289,804 (23.8%)
      Positive pixels: 929,721 (76.2%)
      Negative range: -93628.1 to -0.0 mm/år
      Positive range: 0.0 to 18813.2 mm/år
      Percentile range (1-99%): -2380.5 to 588.7 mm/år
      Using this range for colormap to avoid extreme outlier washing
      Bounds box before transformation: (435000.0, 6035000.0, 750000.0, 6410000.0)
      Bounds in WGS84: [ 7.90557816 54.40121481 13.20326932 57.82722197]
    [OK] Added raster overlay for ks2
  Creating layer group for ks3: 490 sites
      Raster CRS: EPSG:25832
      Raster bounds (native): BoundingBox(left=435000.0, bottom=6035000.0, right=750000.0, top=6410000.0)
    Raster ks3 full stats:
      All values: min=-93181.8, max=22634.5, mean=36.8 mm/år
      Negative pixels: 312,757 (25.6%)
      Positive pixels: 906,768 (74.4%)
      Negative range: -93181.8 to -0.0 mm/år
      Positive range: 0.0 to 22634.5 mm/år
      Percentile range (1-99%): -2365.4 to 626.7 mm/år
      Using this range for colormap to avoid extreme outlier washing
      Bounds box before transformation: (435000.0, 6035000.0, 750000.0, 6410000.0)
      Bounds in WGS84: [ 7.90557816 54.40121481 13.20326932 57.82722197]
    [OK] Added raster overlay for ks3
  Creating layer group for ks4: 334 sites
      Raster CRS: EPSG:25832
      Raster bounds (native): BoundingBox(left=435000.0, bottom=6035000.0, right=750000.0, top=6410000.0)
    Raster ks4 full stats:
      All values: min=-92592.4, max=30451.6, mean=26.7 mm/år
      Negative pixels: 350,379 (31.4%)
      Positive pixels: 766,879 (68.6%)
      Negative range: -92592.4 to -0.0 mm/år
      Positive range: 0.0 to 30451.6 mm/år
      Percentile range (1-99%): -1762.6 to 687.4 mm/år
      Using this range for colormap to avoid extreme outlier washing
      Bounds box before transformation: (435000.0, 6035000.0, 750000.0, 6410000.0)
      Bounds in WGS84: [ 7.90557816 54.40121481 13.20326932 57.82722197]
    [OK] Added raster overlay for ks4
  Creating layer group for ks5: 6 sites
      Raster CRS: EPSG:25832
      Raster bounds (native): BoundingBox(left=435000.0, bottom=6035000.0, right=750000.0, top=6410000.0)
    Raster ks5 full stats:
      All values: min=-109039.8, max=34603.4, mean=10.7 mm/år
      Negative pixels: 348,875 (41.2%)
      Positive pixels: 498,741 (58.8%)
      Negative range: -109039.8 to -0.0 mm/år
      Positive range: 0.0 to 34603.4 mm/år
      Percentile range (1-99%): -783.8 to 739.6 mm/år
      Using this range for colormap to avoid extreme outlier washing
      Bounds box before transformation: (435000.0, 6035000.0, 750000.0, 6410000.0)
      Bounds in WGS84: [ 7.90557816 54.40121481 13.20326932 57.82722197]
    [OK] Added raster overlay for ks5
  Creating layer group for ps1: 48 sites
      Raster CRS: EPSG:25832
      Raster bounds (native): BoundingBox(left=435000.0, bottom=6035000.0, right=750000.0, top=6410000.0)
    Raster ps1 full stats:
      All values: min=-108589.3, max=27791.1, mean=7.8 mm/år
      Negative pixels: 387,251 (45.7%)
      Positive pixels: 460,365 (54.3%)
      Negative range: -108589.3 to -0.0 mm/år
      Positive range: 0.0 to 27791.1 mm/år
      Percentile range (1-99%): -553.7 to 583.6 mm/år
      Using this range for colormap to avoid extreme outlier washing
      Bounds box before transformation: (435000.0, 6035000.0, 750000.0, 6410000.0)
      Bounds in WGS84: [ 7.90557816 54.40121481 13.20326932 57.82722197]
    [OK] Added raster overlay for ps1
  Creating layer group for ps3: 2 sites
      Raster CRS: EPSG:25832
      Raster bounds (native): BoundingBox(left=435000.0, bottom=6035000.0, right=750000.0, top=6410000.0)
    Raster ps3 full stats:
      All values: min=-106870.6, max=28592.5, mean=8.6 mm/år
      Negative pixels: 388,308 (45.8%)
      Positive pixels: 459,308 (54.2%)
      Negative range: -106870.6 to -0.0 mm/år
      Positive range: 0.0 to 28592.5 mm/år
      Percentile range (1-99%): -489.3 to 602.1 mm/år
      Using this range for colormap to avoid extreme outlier washing
      Bounds box before transformation: (435000.0, 6035000.0, 750000.0, 6410000.0)
      Bounds in WGS84: [ 7.90557816 54.40121481 13.20326932 57.82722197]
    [OK] Added raster overlay for ps3
  Creating layer group for ps4: 7 sites
      Raster CRS: EPSG:25832
      Raster bounds (native): BoundingBox(left=435000.0, bottom=6035000.0, right=750000.0, top=6410000.0)
    Raster ps4 full stats:
      All values: min=-104764.4, max=40770.0, mean=13.3 mm/år
      Negative pixels: 390,515 (46.1%)
      Positive pixels: 457,101 (53.9%)
      Negative range: -104764.4 to -0.0 mm/år
      Positive range: 0.0 to 40770.0 mm/år
      Percentile range (1-99%): -478.6 to 648.0 mm/år
      Using this range for colormap to avoid extreme outlier washing
      Bounds box before transformation: (435000.0, 6035000.0, 750000.0, 6410000.0)
      Bounds in WGS84: [ 7.90557816 54.40121481 13.20326932 57.82722197]
    [OK] Added raster overlay for ps4
  Creating layer group for ps6: 9 sites
      Raster CRS: EPSG:25832
      Raster bounds (native): BoundingBox(left=435000.0, bottom=6035000.0, right=750000.0, top=6410000.0)
    Raster ps6 full stats:
      All values: min=-102726.7, max=90129.2, mean=33.3 mm/år
      Negative pixels: 390,928 (46.1%)
      Positive pixels: 456,688 (53.9%)
      Negative range: -102726.7 to -0.0 mm/år
      Positive range: 0.0 to 90129.2 mm/år
      Percentile range (1-99%): -424.0 to 813.2 mm/år
      Using this range for colormap to avoid extreme outlier washing
      Bounds box before transformation: (435000.0, 6035000.0, 750000.0, 6410000.0)
      Bounds in WGS84: [ 7.90557816 54.40121481 13.20326932 57.82722197]
    [OK] Added raster overlay for ps6
  GVFK polygons not found for removed IDs; skipping overlay.
